{"C:\\Users\\carol\\Desktop\\p_wavepods\\landing_wavepods\\server\\utils\\validateEmail.js": {"path":"C:\\Users\\carol\\Desktop\\p_wavepods\\landing_wavepods\\server\\utils\\validateEmail.js","statementMap":{"0":{"start":{"line":1,"column":29},"end":{"line":4,"column":1}},"1":{"start":{"line":2,"column":13},"end":{"line":2,"column":41}},"2":{"start":{"line":3,"column":2},"end":{"line":3,"column":46}}},"fnMap":{"0":{"name":"(anonymous_0)","decl":{"start":{"line":1,"column":29},"end":{"line":1,"column":30}},"loc":{"start":{"line":1,"column":40},"end":{"line":4,"column":1}},"line":1}},"branchMap":{},"s":{"0":1,"1":5,"2":5},"f":{"0":5},"b":{},"meta":{"lastBranch":0,"lastFunction":1,"lastStatement":3,"seen":{"s:1:29:4:1":0,"f:1:29:1:30":0,"s:2:13:2:41":1,"s:3:2:3:46":2}}}
}
